Command line:
   tesRegF_isim_beh.exe
     -simmode  gui
     -simrunnum  0
     -socket  51650

Fri Apr 06 17:43:24 2018


 Elaboration Time: 0.0625 sec

 Current Memory Usage: 1038.5 Meg

 Total Signals          : 15
 Total Nets             : 1136
 Total Signal Drivers   : 8
 Total Blocks           : 5
 Total Primitive Blocks : 4
 Total Processes        : 2
 Total Traceable Variables  : 10
 Total Scalar Nets and Variables : 1514
Total Line Count : 15

 Total Simulation Time: 0.09375 sec

 Current Memory Usage: 881.218 Meg

Fri Apr 06 17:46:22 2018

